<?xml version="1.0" encoding="utf-8"?>
<coverage line-rate="0.3171" branch-rate="0.2309" version="1.9" timestamp="1770884378" lines-covered="965" lines-valid="3043" branches-covered="303" branches-valid="1312">
  <sources>
    <source>D:\Projects\DevHub\src\</source>
  </sources>
  <packages>
    <package name="DevHub.Core" line-rate="0.2705" branch-rate="0.15289999999999998" complexity="943">
      <classes>
        <class name="DevHub.Core.Services.AppRegistry" filename="DevHub.Core\Services\AppRegistry.cs" line-rate="0.1769" branch-rate="0.0833" complexity="42">
          <methods>
            <method name="OnCleanupTimer" signature="(System.Object)" line-rate="0" branch-rate="1" complexity="1">
              <lines>
                <line number="53" hits="0" branch="False" />
                <line number="54" hits="0" branch="False" />
                <line number="55" hits="0" branch="False" />
              </lines>
            </method>
            <method name="CleanupExpiredInstances" signature="()" line-rate="0" branch-rate="0" complexity="10">
              <lines>
                <line number="62" hits="0" branch="False" />
                <line number="63" hits="0" branch="False" />
                <line number="65" hits="0" branch="False" />
                <line number="66" hits="0" branch="True" condition-coverage="0% (0/4)">
                  <conditions>
                    <condition number="21" type="jump" coverage="0%" />
                    <condition number="73" type="jump" coverage="0%" />
                  </conditions>
                </line>
                <line number="67" hits="0" branch="False" />
                <line number="68" hits="0" branch="False" />
                <line number="70" hits="0" branch="False" />
                <line number="72" hits="0" branch="True" condition-coverage="0% (0/2)">
                  <conditions>
                    <condition number="293" type="jump" coverage="0%" />
                  </conditions>
                </line>
                <line number="74" hits="0" branch="True" condition-coverage="0% (0/2)">
                  <conditions>
                    <condition number="208" type="jump" coverage="0%" />
                  </conditions>
                </line>
                <line number="76" hits="0" branch="False" />
                <line number="77" hits="0" branch="False" />
                <line number="81" hits="0" branch="True" condition-coverage="0% (0/2)">
                  <conditions>
                    <condition number="318" type="jump" coverage="0%" />
                  </conditions>
                </line>
                <line number="83" hits="0" branch="False" />
                <line number="87" hits="0" branch="False" />
                <line number="89" hits="0" branch="False" />
              </lines>
            </method>
            <method name="RegisterInstance" signature="(DevHub.Core.Models.AppInstance)" line-rate="0" branch-rate="1" complexity="1">
              <lines>
                <line number="96" hits="0" branch="False" />
                <line number="97" hits="0" branch="False" />
                <line number="99" hits="0" branch="False" />
                <line number="101" hits="0" branch="False" />
                <line number="102" hits="0" branch="False" />
                <line number="103" hits="0" branch="False" />
                <line number="104" hits="0" branch="False" />
                <line number="105" hits="0" branch="False" />
                <line number="106" hits="0" branch="False" />
                <line number="107" hits="0" branch="False" />
                <line number="108" hits="0" branch="False" />
                <line number="109" hits="0" branch="False" />
                <line number="110" hits="0" branch="False" />
                <line number="111" hits="0" branch="False" />
                <line number="112" hits="0" branch="False" />
                <line number="114" hits="0" branch="False" />
                <line number="115" hits="0" branch="False" />
                <line number="116" hits="0" branch="False" />
                <line number="117" hits="0" branch="False" />
                <line number="118" hits="0" branch="False" />
                <line number="119" hits="0" branch="False" />
                <line number="120" hits="0" branch="False" />
                <line number="121" hits="0" branch="False" />
                <line number="122" hits="0" branch="False" />
                <line number="123" hits="0" branch="False" />
                <line number="124" hits="0" branch="False" />
                <line number="125" hits="0" branch="False" />
                <line number="126" hits="0" branch="False" />
                <line number="127" hits="0" branch="False" />
                <line number="128" hits="0" branch="False" />
                <line number="130" hits="0" branch="False" />
                <line number="131" hits="0" branch="False" />
                <line number="132" hits="0" branch="False" />
              </lines>
            </method>
            <method name="Heartbeat" signature="(System.String,System.DateTime&amp;)" line-rate="0" branch-rate="0" complexity="2">
              <lines>
                <line number="140" hits="0" branch="False" />
                <line number="142" hits="0" branch="True" condition-coverage="0% (0/2)">
                  <conditions>
                    <condition number="40" type="jump" coverage="0%" />
                  </conditions>
                </line>
                <line number="144" hits="0" branch="False" />
                <line number="145" hits="0" branch="False" />
                <line number="146" hits="0" branch="False" />
                <line number="147" hits="0" branch="False" />
                <line number="148" hits="0" branch="False" />
                <line number="151" hits="0" branch="False" />
                <line number="152" hits="0" branch="False" />
                <line number="153" hits="0" branch="False" />
              </lines>
            </method>
            <method name="UnregisterInstance" signature="(System.String)" line-rate="0" branch-rate="0" complexity="2">
              <lines>
                <line number="161" hits="0" branch="False" />
                <line number="163" hits="0" branch="True" condition-coverage="0% (0/2)">
                  <conditions>
                    <condition number="40" type="jump" coverage="0%" />
                  </conditions>
                </line>
                <line number="165" hits="0" branch="False" />
                <line number="166" hits="0" branch="False" />
                <line number="167" hits="0" branch="False" />
                <line number="170" hits="0" branch="False" />
                <line number="171" hits="0" branch="False" />
              </lines>
            </method>
            <method name="ListInstances" signature="(System.String,System.String,System.Boolean,System.Boolean)" line-rate="0.6666" branch-rate="0.1875" complexity="16">
              <lines>
                <line number="179" hits="1" branch="False" />
                <line number="180" hits="1" branch="False" />
                <line number="182" hits="1" branch="False" />
                <line number="183" hits="1" branch="False" />
                <line number="185" hits="1" branch="True" condition-coverage="50% (1/2)">
                  <conditions>
                    <condition number="122" type="jump" coverage="50%" />
                  </conditions>
                </line>
                <line number="187" hits="0" branch="True" condition-coverage="0% (0/4)">
                  <conditions>
                    <condition number="21" type="jump" coverage="0%" />
                    <condition number="73" type="jump" coverage="0%" />
                  </conditions>
                </line>
                <line number="190" hits="1" branch="True" condition-coverage="50% (1/2)">
                  <conditions>
                    <condition number="154" type="jump" coverage="50%" />
                  </conditions>
                </line>
                <line number="192" hits="0" branch="False" />
                <line number="195" hits="1" branch="True" condition-coverage="50% (1/2)">
                  <conditions>
                    <condition number="176" type="jump" coverage="50%" />
                  </conditions>
                </line>
                <line number="197" hits="0" branch="True" condition-coverage="0% (0/2)">
                  <conditions>
                    <condition number="184" type="jump" coverage="0%" />
                  </conditions>
                </line>
                <line number="200" hits="0" branch="True" condition-coverage="0% (0/4)">
                  <conditions>
                    <condition number="8" type="jump" coverage="0%" />
                    <condition number="21" type="jump" coverage="0%" />
                  </conditions>
                </line>
                <line number="204" hits="0" branch="False" />
                <line number="208" hits="1" branch="False" />
                <line number="209" hits="1" branch="False" />
                <line number="210" hits="1" branch="False" />
              </lines>
            </method>
            <method name="GetInstance" signature="(System.String)" line-rate="0" branch-rate="0" complexity="2">
              <lines>
                <line number="218" hits="0" branch="False" />
                <line number="220" hits="0" branch="True" condition-coverage="0% (0/2)">
                  <conditions>
                    <condition number="40" type="jump" coverage="0%" />
                  </conditions>
                </line>
                <line number="222" hits="0" branch="False" />
                <line number="223" hits="0" branch="False" />
                <line number="224" hits="0" branch="False" />
                <line number="227" hits="0" branch="False" />
                <line number="228" hits="0" branch="False" />
              </lines>
            </method>
            <method name="Dispose" signature="()" line-rate="0" branch-rate="1" complexity="1">
              <lines>
                <line number="236" hits="0" branch="False" />
                <line number="237" hits="0" branch="False" />
                <line number="238" hits="0" branch="False" />
              </lines>
            </method>
            <method name="Dispose" signature="(System.Boolean)" line-rate="0" branch-rate="0" complexity="4">
              <lines>
                <line number="246" hits="0" branch="True" condition-coverage="0% (0/2)">
                  <conditions>
                    <condition number="6" type="jump" coverage="0%" />
                  </conditions>
                </line>
                <line number="247" hits="0" branch="False" />
                <line number="249" hits="0" branch="True" condition-coverage="0% (0/2)">
                  <conditions>
                    <condition number="10" type="jump" coverage="0%" />
                  </conditions>
                </line>
                <line number="251" hits="0" branch="False" />
                <line number="252" hits="0" branch="False" />
                <line number="253" hits="0" branch="False" />
                <line number="256" hits="0" branch="False" />
                <line number="257" hits="0" branch="False" />
              </lines>
            </method>
            <method name="Finalize" signature="()" line-rate="0" branch-rate="1" complexity="1">
              <lines>
                <line number="264" hits="0" branch="False" />
                <line number="265" hits="0" branch="False" />
              </lines>
            </method>
            <method name=".ctor" signature="(DevHub.Core.Services.Abstractions.IClock,Microsoft.Extensions.Logging.ILogger`1&lt;DevHub.Core.Services.AppRegistry&gt;)" line-rate="1" branch-rate="1" complexity="1">
              <lines>
                <line number="28" hits="16" branch="False" />
                <line number="30" hits="16" branch="False" />
              </lines>
            </method>
            <method name=".ctor" signature="(DevHub.Core.Services.Abstractions.IClock,Microsoft.Extensions.Logging.ILogger`1&lt;DevHub.Core.Services.AppRegistry&gt;,DevHub.Core.Services.RuntimeTuningOptions)" line-rate="1" branch-rate="1" complexity="1">
              <lines>
                <line number="14" hits="16" branch="False" />
                <line number="16" hits="16" branch="False" />
                <line number="38" hits="16" branch="False" />
                <line number="40" hits="16" branch="False" />
                <line number="41" hits="16" branch="False" />
                <line number="42" hits="16" branch="False" />
                <line number="44" hits="16" branch="False" />
                <line number="45" hits="16" branch="False" />
              </lines>
            </method>
          </methods>
          <lines>
            <line number="53" hits="0" branch="False" />
            <line number="54" hits="0" branch="False" />
            <line number="55" hits="0" branch="False" />
            <line number="62" hits="0" branch="False" />
            <line number="63" hits="0" branch="False" />
            <line number="65" hits="0" branch="False" />
            <line number="66" hits="0" branch="True" condition-coverage="0% (0/4)">
              <conditions>
                <condition number="21" type="jump" coverage="0%" />
                <condition number="73" type="jump" coverage="0%" />
              </conditions>
            </line>
            <line number="67" hits="0" branch="False" />
            <line number="68" hits="0" branch="False" />
            <line number="70" hits="0" branch="False" />
            <line number="72" hits="0" branch="True" condition-coverage="0% (0/2)">
              <conditions>
                <condition number="293" type="jump" coverage="0%" />
              </conditions>
            </line>
            <line number="74" hits="0" branch="True" condition-coverage="0% (0/2)">
              <conditions>
                <condition number="208" type="jump" coverage="0%" />
              </conditions>
            </line>
            <line number="76" hits="0" branch="False" />
            <line number="77" hits="0" branch="False" />
            <line number="81" hits="0" branch="True" condition-coverage="0% (0/2)">
              <conditions>
                <condition number="318" type="jump" coverage="0%" />
              </conditions>
            </line>
            <line number="83" hits="0" branch="False" />
            <line number="87" hits="0" branch="False" />
            <line number="89" hits="0" branch="False" />
            <line number="96" hits="0" branch="False" />
            <line number="97" hits="0" branch="False" />
            <line number="99" hits="0" branch="False" />
            <line number="101" hits="0" branch="False" />
            <line number="102" hits="0" branch="False" />
            <line number="103" hits="0" branch="False" />
            <line number="104" hits="0" branch="False" />
            <line number="105" hits="0" branch="False" />
            <line number="106" hits="0" branch="False" />
            <line number="107" hits="0" branch="False" />
            <line number="108" hits="0" branch="False" />
            <line number="109" hits="0" branch="False" />
            <line number="110" hits="0" branch="False" />
            <line number="111" hits="0" branch="False" />
            <line number="112" hits="0" branch="False" />
            <line number="114" hits="0" branch="False" />
            <line number="115" hits="0" branch="False" />
            <line number="116" hits="0" branch="False" />
            <line number="117" hits="0" branch="False" />
            <line number="118" hits="0" branch="False" />
            <line number="119" hits="0" branch="False" />
            <line number="120" hits="0" branch="False" />
            <line number="121" hits="0" branch="False" />
            <line number="122" hits="0" branch="False" />
            <line number="123" hits="0" branch="False" />
            <line number="124" hits="0" branch="False" />
            <line number="125" hits="0" branch="False" />
            <line number="126" hits="0" branch="False" />
            <line number="127" hits="0" branch="False" />
            <line number="128" hits="0" branch="False" />
            <line number="130" hits="0" branch="False" />
            <line number="131" hits="0" branch="False" />
            <line number="132" hits="0" branch="False" />
            <line number="140" hits="0" branch="False" />
            <line number="142" hits="0" branch="True" condition-coverage="0% (0/2)">
              <conditions>
                <condition number="40" type="jump" coverage="0%" />
              </conditions>
            </line>
            <line number="144" hits="0" branch="False" />
            <line number="145" hits="0" branch="False" />
            <line number="146" hits="0" branch="False" />
            <line number="147" hits="0" branch="False" />
            <line number="148" hits="0" branch="False" />
            <line number="151" hits="0" branch="False" />
            <line number="152" hits="0" branch="False" />
            <line number="153" hits="0" branch="False" />
            <line number="161" hits="0" branch="False" />
            <line number="163" hits="0" branch="True" condition-coverage="0% (0/2)">
              <conditions>
                <condition number="40" type="jump" coverage="0%" />
              </conditions>
            </line>
            <line number="165" hits="0" branch="False" />
            <line number="166" hits="0" branch="False" />
            <line number="167" hits="0" branch="False" />
            <line number="170" hits="0" branch="False" />
            <line number="171" hits="0" branch="False" />
            <line number="179" hits="1" branch="False" />
            <line number="180" hits="1" branch="False" />
            <line number="182" hits="1" branch="False" />
            <line number="183" hits="1" branch="False" />
            <line number="185" hits="1" branch="True" condition-coverage="50% (1/2)">
              <conditions>
                <condition number="122" type="jump" coverage="50%" />
              </conditions>
            </line>
            <line number="187" hits="0" branch="True" condition-coverage="0% (0/4)">
              <conditions>
                <condition number="21" type="jump" coverage="0%" />
                <condition number="73" type="jump" coverage="0%" />
              </conditions>
            </line>
            <line number="190" hits="1" branch="True" condition-coverage="50% (1/2)">
              <conditions>
                <condition number="154" type="jump" coverage="50%" />
              </conditions>
            </line>
            <line number="192" hits="0" branch="False" />
            <line number="195" hits="1" branch="True" condition-coverage="50% (1/2)">
              <conditions>
                <condition number="176" type="jump" coverage="50%" />
              </conditions>
            </line>
            <line number="197" hits="0" branch="True" condition-coverage="0% (0/2)">
              <conditions>
                <condition number="184" type="jump" coverage="0%" />
              </conditions>
            </line>
            <line number="200" hits="0" branch="True" condition-coverage="0% (0/4)">
              <conditions>
                <condition number="8" type="jump" coverage="0%" />
                <condition number="21" type="jump" coverage="0%" />
              </conditions>
            </line>
            <line number="204" hits="0" branch="False" />
            <line number="208" hits="1" branch="False" />
            <line number="209" hits="1" branch="False" />
            <line number="210" hits="1" branch="False" />
            <line number="218" hits="0" branch="False" />
            <line number="220" hits="0" branch="True" condition-coverage="0% (0/2)">
              <conditions>
                <condition number="40" type="jump" coverage="0%" />
              </conditions>
            </line>
            <line number="222" hits="0" branch="False" />
            <line number="223" hits="0" branch="False" />
            <line number="224" hits="0" branch="False" />
            <line number="227" hits="0" branch="False" />
            <line number="228" hits="0" branch="False" />
            <line number="236" hits="0" branch="False" />
            <line number="237" hits="0" branch="False" />
            <line number="238" hits="0" branch="False" />
            <line number="246" hits="0" branch="True" condition-coverage="0% (0/2)">
              <conditions>
                <condition number="6" type="jump" coverage="0%" />
              </conditions>
            </line>
            <line number="247" hits="0" branch="False" />
            <line number="249" hits="0" branch="True" condition-coverage="0% (0/2)">
              <conditions>
                <condition number="10" type="jump" coverage="0%" />
              </conditions>
            </line>
            <line number="251" hits="0" branch="False" />
            <line number="252" hits="0" branch="False" />
            <line number="253" hits="0" branch="False" />
            <line number="256" hits="0" branch="False" />
            <line number="257" hits="0" branch="False" />
            <line number="264" hits="0" branch="False" />
            <line number="265" hits="0" branch="False" />
            <line number="28" hits="16" branch="False" />
            <line number="30" hits="16" branch="False" />
            <line number="14" hits="16" branch="False" />
            <line number="16" hits="16" branch="False" />
            <line number="38" hits="16" branch="False" />
            <line number="40" hits="16" branch="False" />
            <line number="41" hits="16" branch="False" />
            <line number="42" hits="16" branch="False" />
            <line number="44" hits="16" branch="False" />
            <line number="45" hits="16" branch="False" />
          </lines>
        </class>
        <class name="DevHub.Core.Services.DefinitionLoader" filename="DevHub.Core\Services\DefinitionLoader.cs" line-rate="0.5714" branch-rate="0.5" complexity="21">
          <methods>
            <method name="Load" signature="()" line-rate="0.5428000000000001" branch-rate="0.625" complexity="8">
              <lines>
                <line number="44" hits="18" branch="False" />
                <line number="46" hits="18" branch="True" condition-coverage="50% (1/2)">
                  <conditions>
                    <condition number="42" type="jump" coverage="50%" />
                  </conditions>
                </line>
                <line number="48" hits="0" branch="False" />
                <line number="49" hits="0" branch="False" />
                <line number="50" hits="0" branch="False" />
                <line number="53" hits="18" branch="False" />
                <line number="54" hits="18" branch="False" />
                <line number="55" hits="18" branch="False" />
                <line number="57" hits="42" branch="True" condition-coverage="100% (2/2)">
                  <conditions>
                    <condition number="423" type="jump" coverage="100%" />
                  </conditions>
                </line>
                <line number="61" hits="3" branch="False" />
                <line number="62" hits="3" branch="False" />
                <line number="63" hits="3" branch="False" />
                <line number="65" hits="3" branch="True" condition-coverage="50% (1/2)">
                  <conditions>
                    <condition number="210" type="jump" coverage="50%" />
                  </conditions>
                </line>
                <line number="67" hits="0" branch="False" />
                <line number="68" hits="0" branch="False" />
                <line number="71" hits="3" branch="True" condition-coverage="50% (1/2)">
                  <conditions>
                    <condition number="255" type="jump" coverage="50%" />
                  </conditions>
                </line>
                <line number="73" hits="0" branch="False" />
                <line number="74" hits="0" branch="False" />
                <line number="77" hits="3" branch="False" />
                <line number="78" hits="3" branch="False" />
                <line number="79" hits="3" branch="False" />
                <line number="80" hits="3" branch="False" />
                <line number="81" hits="0" branch="False" />
                <line number="83" hits="0" branch="False" />
                <line number="84" hits="0" branch="False" />
                <line number="85" hits="0" branch="False" />
                <line number="87" hits="0" branch="False" />
                <line number="88" hits="0" branch="False" />
                <line number="91" hits="18" branch="False" />
                <line number="92" hits="18" branch="False" />
                <line number="93" hits="18" branch="False" />
                <line number="94" hits="0" branch="False" />
                <line number="96" hits="0" branch="False" />
                <line number="97" hits="0" branch="False" />
                <line number="98" hits="18" branch="False" />
              </lines>
            </method>
            <method name="GetAllDefinitions" signature="()" line-rate="1" branch-rate="1" complexity="1">
              <lines>
                <line number="105" hits="18" branch="False" />
                <line number="106" hits="18" branch="False" />
              </lines>
            </method>
            <method name="GetDefinition" signature="(System.String)" line-rate="0" branch-rate="0" complexity="2">
              <lines>
                <line number="114" hits="0" branch="False" />
                <line number="115" hits="0" branch="False" />
                <line number="117" hits="0" branch="True" condition-coverage="0% (0/2)">
                  <conditions>
                    <condition number="69" type="jump" coverage="0%" />
                  </conditions>
                </line>
                <line number="119" hits="0" branch="False" />
                <line number="123" hits="0" branch="False" />
                <line number="126" hits="0" branch="False" />
              </lines>
            </method>
            <method name="IsValidDefinition" signature="(DevHub.Core.Models.AppDefinition,System.String,System.String&amp;)" line-rate="0.5" branch-rate="0.5" complexity="8">
              <lines>
                <line number="134" hits="3" branch="True" condition-coverage="50% (1/2)">
                  <conditions>
                    <condition number="11" type="jump" coverage="50%" />
                  </conditions>
                </line>
                <line number="136" hits="0" branch="False" />
                <line number="137" hits="0" branch="False" />
                <line number="140" hits="3" branch="True" condition-coverage="50% (1/2)">
                  <conditions>
                    <condition number="38" type="jump" coverage="50%" />
                  </conditions>
                </line>
                <line number="142" hits="0" branch="False" />
                <line number="143" hits="0" branch="False" />
                <line number="146" hits="3" branch="False" />
                <line number="147" hits="3" branch="False" />
                <line number="148" hits="3" branch="True" condition-coverage="50% (1/2)">
                  <conditions>
                    <condition number="79" type="jump" coverage="50%" />
                  </conditions>
                </line>
                <line number="150" hits="0" branch="False" />
                <line number="151" hits="0" branch="False" />
                <line number="154" hits="3" branch="True" condition-coverage="50% (1/2)">
                  <conditions>
                    <condition number="101" type="jump" coverage="50%" />
                  </conditions>
                </line>
                <line number="156" hits="0" branch="False" />
                <line number="157" hits="0" branch="False" />
                <line number="160" hits="3" branch="False" />
                <line number="161" hits="3" branch="False" />
              </lines>
            </method>
            <method name=".ctor" signature="(System.String,Microsoft.Extensions.Logging.ILogger`1&lt;DevHub.Core.Services.DefinitionLoader&gt;)" line-rate="1" branch-rate="1" complexity="1">
              <lines>
                <line number="19" hits="16" branch="False" />
                <line number="26" hits="16" branch="False" />
                <line number="28" hits="16" branch="False" />
                <line number="29" hits="16" branch="False" />
                <line number="30" hits="16" branch="False" />
                <line number="31" hits="16" branch="False" />
                <line number="32" hits="16" branch="False" />
                <line number="33" hits="16" branch="False" />
                <line number="34" hits="16" branch="False" />
                <line number="35" hits="16" branch="False" />
              </lines>
            </method>
            <method name=".cctor" signature="()" line-rate="1" branch-rate="1" complexity="1">
              <lines>
                <line number="13" hits="1" branch="False" />
              </lines>
            </method>
          </methods>
          <lines>
            <line number="44" hits="18" branch="False" />
            <line number="46" hits="18" branch="True" condition-coverage="50% (1/2)">
              <conditions>
                <condition number="42" type="jump" coverage="50%" />
              </conditions>
            </line>
            <line number="48" hits="0" branch="False" />
            <line number="49" hits="0" branch="False" />
            <line number="50" hits="0" branch="False" />
            <line number="53" hits="18" branch="False" />
            <line number="54" hits="18" branch="False" />
            <line number="55" hits="18" branch="False" />
            <line number="57" hits="42" branch="True" condition-coverage="100% (2/2)">
              <conditions>
                <condition number="423" type="jump" coverage="100%" />
              </conditions>
            </line>
            <line number="61" hits="3" branch="False" />
            <line number="62" hits="3" branch="False" />
            <line number="63" hits="3" branch="False" />
            <line number="65" hits="3" branch="True" condition-coverage="50% (1/2)">
              <conditions>
                <condition number="210" type="jump" coverage="50%" />
              </conditions>
            </line>
            <line number="67" hits="0" branch="False" />
            <line number="68" hits="0" branch="False" />
            <line number="71" hits="3" branch="True" condition-coverage="50% (1/2)">
              <conditions>
                <condition number="255" type="jump" coverage="50%" />
              </conditions>
            </line>
            <line number="73" hits="0" branch="False" />
            <line number="74" hits="0" branch="False" />
            <line number="77" hits="3" branch="False" />
            <line number="78" hits="3" branch="False" />
            <line number="79" hits="3" branch="False" />
            <line number="80" hits="3" branch="False" />
            <line number="81" hits="0" branch="False" />
            <line number="83" hits="0" branch="False" />
            <line number="84" hits="0" branch="False" />
            <line number="85" hits="0" branch="False" />
            <line number="87" hits="0" branch="False" />
            <line number="88" hits="0" branch="False" />
            <line number="91" hits="18" branch="False" />
            <line number="92" hits="18" branch="False" />
            <line number="93" hits="18" branch="False" />
            <line number="94" hits="0" branch="False" />
            <line number="96" hits="0" branch="False" />
            <line number="97" hits="0" branch="False" />
            <line number="98" hits="18" branch="False" />
            <line number="105" hits="18" branch="False" />
            <line number="106" hits="18" branch="False" />
            <line number="114" hits="0" branch="False" />
            <line number="115" hits="0" branch="False" />
            <line number="117" hits="0" branch="True" condition-coverage="0% (0/2)">
              <conditions>
                <condition number="69" type="jump" coverage="0%" />
              </conditions>
            </line>
            <line number="119" hits="0" branch="False" />
            <line number="123" hits="0" branch="False" />
            <line number="126" hits="0" branch="False" />
            <line number="134" hits="3" branch="True" condition-coverage="50% (1/2)">
              <conditions>
                <condition number="11" type="jump" coverage="50%" />
              </conditions>
            </line>
            <line number="136" hits="0" branch="False" />
            <line number="137" hits="0" branch="False" />
            <line number="140" hits="3" branch="True" condition-coverage="50% (1/2)">
              <conditions>
                <condition number="38" type="jump" coverage="50%" />
              </conditions>
            </line>
            <line number="142" hits="0" branch="False" />
            <line number="143" hits="0" branch="False" />
            <line number="146" hits="3" branch="False" />
            <line number="147" hits="3" branch="False" />
            <line number="148" hits="3" branch="True" condition-coverage="50% (1/2)">
              <conditions>
                <condition number="79" type="jump" coverage="50%" />
              </conditions>
            </line>
            <line number="150" hits="0" branch="False" />
            <line number="151" hits="0" branch="False" />
            <line number="154" hits="3" branch="True" condition-coverage="50% (1/2)">
              <conditions>
                <condition number="101" type="jump" coverage="50%" />
              </conditions>
            </line>
            <line number="156" hits="0" branch="False" />
            <line number="157" hits="0" branch="False" />
            <line number="160" hits="3" branch="False" />
            <line number="161" hits="3" branch="False" />
            <line number="19" hits="16" branch="False" />
            <line number="26" hits="16" branch="False" />
            <line number="28" hits="16" branch="False" />
            <line number="29" hits="16" branch="False" />
            <line number="30" hits="16" branch="False" />
            <line number="31" hits="16" branch="False" />
            <line number="32" hits="16" branch="False" />
            <line number="33" hits="16" branch="False" />
            <line number="34" hits="16" branch="False" />
            <line number="35" hits="16" branch="False" />
            <line number="13" hits="1" branch="False" />
          </lines>
        </class>
        <class name="DevHub.Core.Services.DefinitionProvider" filename="DevHub.Core\Services\DefinitionProvider.cs" line-rate="1" branch-rate="1" complexity="4">
          <methods>
            <method name="Refresh" signature="()" line-rate="1" branch-rate="1" complexity="1">
              <lines>
                <line number="29" hits="18" branch="False" />
                <line number="31" hits="18" branch="False" />
                <line number="32" hits="18" branch="False" />
                <line number="33" hits="18" branch="False" />
                <line number="34" hits="18" branch="False" />
              </lines>
            </method>
            <method name="GetAllDefinitions" signature="()" line-rate="1" branch-rate="1" complexity="1">
              <lines>
                <line number="39" hits="1" branch="False" />
                <line number="41" hits="1" branch="False" />
                <line number="43" hits="1" branch="False" />
              </lines>
            </method>
            <method name="GetDefinition" signature="(System.String)" line-rate="1" branch-rate="1" complexity="1">
              <lines>
                <line number="48" hits="1" branch="False" />
                <line number="50" hits="2" branch="False" />
                <line number="52" hits="1" branch="False" />
              </lines>
            </method>
            <method name=".ctor" signature="(DevHub.Core.Services.DefinitionLoader)" line-rate="1" branch-rate="1" complexity="1">
              <lines>
                <line number="14" hits="16" branch="False" />
                <line number="15" hits="16" branch="False" />
                <line number="21" hits="16" branch="False" />
                <line number="23" hits="16" branch="False" />
                <line number="24" hits="16" branch="False" />
              </lines>
            </method>
          </methods>
          <lines>
            <line number="29" hits="18" branch="False" />
            <line number="31" hits="18" branch="False" />
            <line number="32" hits="18" branch="False" />
            <line number="33" hits="18" branch="False" />
            <line number="34" hits="18" branch="False" />
            <line number="39" hits="1" branch="False" />
            <line number="41" hits="1" branch="False" />
            <line number="43" hits="1" branch="False" />
            <line number="48" hits="1" branch="False" />
            <line number="50" hits="2" branch="False" />
            <line number="52" hits="1" branch="False" />
            <line number="14" hits="16" branch="False" />
            <line number="15" hits="16" branch="False" />
            <line number="21" hits="16" branch="False" />
            <line number="23" hits="16" branch="False" />
            <line number="24" hits="16" branch="False" />
          </lines>
        </class>
        <class name="DevHub.Core.Services.FileSystemManager" filename="DevHub.Core\Services\FileSystemManager.cs" line-rate="0.5096" branch-rate="0.5263" complexity="44">
          <methods>
            <method name="InitializeDirectories" signature="()" line-rate="0.6666" branch-rate="0.7" complexity="10">
              <lines>
                <line number="70" hits="18" branch="False" />
                <line number="72" hits="18" branch="True" condition-coverage="50% (1/2)">
                  <conditions>
                    <condition number="32" type="jump" coverage="50%" />
                  </conditions>
                </line>
                <line number="74" hits="0" branch="False" />
                <line number="75" hits="0" branch="False" />
                <line number="79" hits="18" branch="False" />
                <line number="82" hits="18" branch="True" condition-coverage="50% (1/2)">
                  <conditions>
                    <condition number="121" type="jump" coverage="50%" />
                  </conditions>
                </line>
                <line number="84" hits="0" branch="False" />
                <line number="85" hits="0" branch="False" />
                <line number="89" hits="18" branch="False" />
                <line number="92" hits="18" branch="True" condition-coverage="50% (1/2)">
                  <conditions>
                    <condition number="210" type="jump" coverage="50%" />
                  </conditions>
                </line>
                <line number="94" hits="0" branch="False" />
                <line number="95" hits="0" branch="False" />
                <line number="99" hits="18" branch="False" />
                <line number="102" hits="18" branch="True" condition-coverage="100% (2/2)">
                  <conditions>
                    <condition number="299" type="jump" coverage="100%" />
                  </conditions>
                </line>
                <line number="104" hits="16" branch="False" />
                <line number="105" hits="16" branch="False" />
                <line number="109" hits="2" branch="False" />
                <line number="112" hits="18" branch="True" condition-coverage="100% (2/2)">
                  <conditions>
                    <condition number="388" type="jump" coverage="100%" />
                  </conditions>
                </line>
                <line number="114" hits="16" branch="False" />
                <line number="115" hits="16" branch="False" />
                <line number="119" hits="2" branch="False" />
                <line number="122" hits="18" branch="False" />
                <line number="123" hits="18" branch="False" />
                <line number="124" hits="0" branch="False" />
                <line number="126" hits="0" branch="False" />
                <line number="127" hits="0" branch="False" />
                <line number="129" hits="18" branch="False" />
              </lines>
            </method>
            <method name="GetToken" signature="()" line-rate="0.7272" branch-rate="1" complexity="2">
              <lines>
                <line number="137" hits="28" branch="False" />
                <line number="141" hits="28" branch="False" />
                <line number="143" hits="28" branch="True" condition-coverage="100% (2/2)">
                  <conditions>
                    <condition number="54" type="jump" coverage="100%" />
                  </conditions>
                </line>
                <line number="145" hits="16" branch="False" />
                <line number="146" hits="16" branch="False" />
                <line number="149" hits="28" branch="False" />
                <line number="150" hits="28" branch="False" />
                <line number="152" hits="0" branch="False" />
                <line number="154" hits="0" branch="False" />
                <line number="155" hits="0" branch="False" />
                <line number="158" hits="28" branch="False" />
              </lines>
            </method>
            <method name="CreateAndPersistNewSessionToken" signature="()" line-rate="0.909" branch-rate="0.5" complexity="2">
              <lines>
                <line number="165" hits="16" branch="True" condition-coverage="50% (1/2)">
                  <conditions>
                    <condition number="11" type="jump" coverage="50%" />
                  </conditions>
                </line>
                <line number="167" hits="0" branch="False" />
                <line number="171" hits="16" branch="False" />
                <line number="174" hits="16" branch="False" />
                <line number="176" hits="16" branch="False" />
                <line number="177" hits="16" branch="False" />
                <line number="179" hits="16" branch="False" />
                <line number="180" hits="16" branch="False" />
                <line number="181" hits="16" branch="False" />
                <line number="183" hits="16" branch="False" />
                <line number="184" hits="16" branch="False" />
              </lines>
            </method>
            <method name="EnsureSessionTokenFileExists" signature="()" line-rate="0.3636" branch-rate="0.5" complexity="6">
              <lines>
                <line number="192" hits="28" branch="True" condition-coverage="50% (1/2)">
                  <conditions>
                    <condition number="11" type="jump" coverage="50%" />
                  </conditions>
                </line>
                <line number="194" hits="0" branch="False" />
                <line number="197" hits="28" branch="True" condition-coverage="50% (1/2)">
                  <conditions>
                    <condition number="35" type="jump" coverage="50%" />
                  </conditions>
                </line>
                <line number="199" hits="0" branch="False" />
                <line number="200" hits="0" branch="False" />
                <line number="201" hits="0" branch="False" />
                <line number="202" hits="0" branch="False" />
                <line number="205" hits="28" branch="True" condition-coverage="50% (1/2)">
                  <conditions>
                    <condition number="110" type="jump" coverage="50%" />
                  </conditions>
                </line>
                <line number="207" hits="0" branch="False" />
                <line number="208" hits="0" branch="False" />
                <line number="210" hits="28" branch="False" />
              </lines>
            </method>
            <method name="GenerateNewToken" signature="()" line-rate="1" branch-rate="1" complexity="1">
              <lines>
                <line number="217" hits="16" branch="False" />
                <line number="218" hits="16" branch="False" />
                <line number="219" hits="16" branch="False" />
              </lines>
            </method>
            <method name="WriteHubJson" signature="(System.Int32,System.String)" line-rate="0" branch-rate="1" complexity="1">
              <lines>
                <line number="231" hits="0" branch="False" />
                <line number="233" hits="0" branch="False" />
                <line number="235" hits="0" branch="False" />
                <line number="236" hits="0" branch="False" />
                <line number="237" hits="0" branch="False" />
                <line number="238" hits="0" branch="False" />
                <line number="239" hits="0" branch="False" />
                <line number="240" hits="0" branch="False" />
                <line number="241" hits="0" branch="False" />
                <line number="242" hits="0" branch="False" />
                <line number="243" hits="0" branch="False" />
                <line number="244" hits="0" branch="False" />
                <line number="245" hits="0" branch="False" />
                <line number="246" hits="0" branch="False" />
                <line number="247" hits="0" branch="False" />
                <line number="248" hits="0" branch="False" />
                <line number="249" hits="0" branch="False" />
                <line number="250" hits="0" branch="False" />
                <line number="252" hits="0" branch="False" />
                <line number="253" hits="0" branch="False" />
                <line number="254" hits="0" branch="False" />
                <line number="255" hits="0" branch="False" />
                <line number="256" hits="0" branch="False" />
                <line number="260" hits="0" branch="False" />
                <line number="261" hits="0" branch="False" />
                <line number="262" hits="0" branch="False" />
                <line number="263" hits="0" branch="False" />
                <line number="264" hits="0" branch="False" />
                <line number="265" hits="0" branch="False" />
                <line number="267" hits="0" branch="False" />
                <line number="268" hits="0" branch="False" />
                <line number="270" hits="0" branch="False" />
              </lines>
            </method>
            <method name="EnsureCurrentUserOnlyAccess" signature="(System.String)" line-rate="0.4" branch-rate="0.1666" complexity="6">
              <lines>
                <line number="279" hits="16" branch="True" condition-coverage="50% (1/2)">
                  <conditions>
                    <condition number="5" type="jump" coverage="50%" />
                  </conditions>
                </line>
                <line number="281" hits="16" branch="False" />
                <line number="282" hits="16" branch="False" />
                <line number="285" hits="0" branch="True" condition-coverage="0% (0/4)">
                  <conditions>
                    <condition number="21" type="jump" coverage="0%" />
                    <condition number="28" type="jump" coverage="0%" />
                  </conditions>
                </line>
                <line number="287" hits="0" branch="False" />
                <line number="289" hits="0" branch="False" />
                <line number="290" hits="0" branch="False" />
                <line number="292" hits="0" branch="False" />
                <line number="293" hits="0" branch="False" />
                <line number="294" hits="16" branch="False" />
              </lines>
            </method>
            <method name="EnsureCurrentUserOnlyAccessOnWindows" signature="(System.String)" line-rate="1" branch-rate="1" complexity="1">
              <lines>
                <line number="302" hits="16" branch="False" />
                <line number="304" hits="16" branch="False" />
                <line number="305" hits="16" branch="False" />
                <line number="306" hits="16" branch="False" />
                <line number="307" hits="16" branch="False" />
                <line number="309" hits="16" branch="False" />
                <line number="310" hits="16" branch="False" />
                <line number="311" hits="16" branch="False" />
                <line number="313" hits="16" branch="False" />
                <line number="314" hits="16" branch="False" />
              </lines>
            </method>
            <method name="EnsureCurrentUserOnlyAccessOnUnix" signature="(System.String)" line-rate="0" branch-rate="0" complexity="2">
              <lines>
                <line number="321" hits="0" branch="False" />
                <line number="324" hits="0" branch="False" />
                <line number="325" hits="0" branch="True" condition-coverage="0% (0/2)">
                  <conditions>
                    <condition number="37" type="jump" coverage="0%" />
                  </conditions>
                </line>
                <line number="327" hits="0" branch="False" />
                <line number="328" hits="0" branch="False" />
                <line number="331" hits="0" branch="False" />
                <line number="332" hits="0" branch="False" />
              </lines>
            </method>
            <method name="EnsureRuntimeArtifacts" signature="(System.Nullable`1&lt;System.Int32&gt;)" line-rate="0.5555" branch-rate="0.6" complexity="10">
              <lines>
                <line number="342" hits="2" branch="False" />
                <line number="343" hits="2" branch="False" />
                <line number="345" hits="2" branch="True" condition-coverage="75% (3/4)">
                  <conditions>
                    <condition number="19" type="jump" coverage="100%" />
                    <condition number="32" type="jump" coverage="50%" />
                  </conditions>
                </line>
                <line number="347" hits="0" branch="False" />
                <line number="348" hits="0" branch="False" />
                <line number="351" hits="2" branch="True" condition-coverage="50% (3/6)">
                  <conditions>
                    <condition number="60" type="jump" coverage="50%" />
                    <condition number="70" type="jump" coverage="50%" />
                    <condition number="83" type="jump" coverage="50%" />
                  </conditions>
                </line>
                <line number="353" hits="0" branch="False" />
                <line number="354" hits="0" branch="False" />
                <line number="356" hits="2" branch="False" />
              </lines>
            </method>
            <method name="Cleanup" signature="()" line-rate="0" branch-rate="1" complexity="1">
              <lines>
                <line number="365" hits="0" branch="False" />
                <line number="367" hits="0" branch="False" />
                <line number="368" hits="0" branch="False" />
                <line number="369" hits="0" branch="False" />
                <line number="371" hits="0" branch="False" />
                <line number="372" hits="0" branch="False" />
                <line number="373" hits="0" branch="False" />
              </lines>
            </method>
            <method name=".ctor" signature="(Microsoft.Extensions.Logging.ILogger`1&lt;DevHub.Core.Services.FileSystemManager&gt;,DevHub.Core.Services.RuntimePathOptions)" line-rate="1" branch-rate="1" complexity="1">
              <lines>
                <line number="37" hits="16" branch="False" />
                <line number="39" hits="16" branch="False" />
              </lines>
            </method>
            <method name=".ctor" signature="(Microsoft.Extensions.Logging.ILogger`1&lt;DevHub.Core.Services.FileSystemManager&gt;,DevHub.Core.Services.RuntimePathOptions,DevHub.Core.Services.RuntimeTuningOptions)" line-rate="1" branch-rate="1" complexity="1">
              <lines>
                <line number="18" hits="16" branch="False" />
                <line number="47" hits="16" branch="False" />
                <line number="48" hits="16" branch="False" />
                <line number="49" hits="16" branch="False" />
                <line number="50" hits="16" branch="False" />
                <line number="52" hits="16" branch="False" />
                <line number="53" hits="16" branch="False" />
                <line number="54" hits="16" branch="False" />
                <line number="55" hits="16" branch="False" />
                <line number="56" hits="16" branch="False" />
                <line number="57" hits="16" branch="False" />
                <line number="58" hits="16" branch="False" />
                <line number="59" hits="16" branch="False" />
                <line number="60" hits="16" branch="False" />
                <line number="61" hits="16" branch="False" />
              </lines>
            </method>
          </methods>
          <lines>
            <line number="70" hits="18" branch="False" />
            <line number="72" hits="18" branch="True" condition-coverage="50% (1/2)">
              <conditions>
                <condition number="32" type="jump" coverage="50%" />
              </conditions>
            </line>
            <line number="74" hits="0" branch="False" />
            <line number="75" hits="0" branch="False" />
            <line number="79" hits="18" branch="False" />
            <line number="82" hits="18" branch="True" condition-coverage="50% (1/2)">
              <conditions>
                <condition number="121" type="jump" coverage="50%" />
              </conditions>
            </line>
            <line number="84" hits="0" branch="False" />
            <line number="85" hits="0" branch="False" />
            <line number="89" hits="18" branch="False" />
            <line number="92" hits="18" branch="True" condition-coverage="50% (1/2)">
              <conditions>
                <condition number="210" type="jump" coverage="50%" />
              </conditions>
            </line>
            <line number="94" hits="0" branch="False" />
            <line number="95" hits="0" branch="False" />
            <line number="99" hits="18" branch="False" />
            <line number="102" hits="18" branch="True" condition-coverage="100% (2/2)">
              <conditions>
                <condition number="299" type="jump" coverage="100%" />
              </conditions>
            </line>
            <line number="104" hits="16" branch="False" />
            <line number="105" hits="16" branch="False" />
            <line number="109" hits="2" branch="False" />
            <line number="112" hits="18" branch="True" condition-coverage="100% (2/2)">
              <conditions>
                <condition number="388" type="jump" coverage="100%" />
              </conditions>
            </line>
            <line number="114" hits="16" branch="False" />
            <line number="115" hits="16" branch="False" />
            <line number="119" hits="2" branch="False" />
            <line number="122" hits="18" branch="False" />
            <line number="123" hits="18" branch="False" />
            <line number="124" hits="0" branch="False" />
            <line number="126" hits="0" branch="False" />
            <line number="127" hits="0" branch="False" />
            <line number="129" hits="18" branch="False" />
            <line number="137" hits="28" branch="False" />
            <line number="141" hits="28" branch="False" />
            <line number="143" hits="28" branch="True" condition-coverage="100% (2/2)">
              <conditions>
                <condition number="54" type="jump" coverage="100%" />
              </conditions>
            </line>
            <line number="145" hits="16" branch="False" />
            <line number="146" hits="16" branch="False" />
            <line number="149" hits="28" branch="False" />
            <line number="150" hits="28" branch="False" />
            <line number="152" hits="0" branch="False" />
            <line number="154" hits="0" branch="False" />
            <line number="155" hits="0" branch="False" />
            <line number="158" hits="28" branch="False" />
            <line number="165" hits="16" branch="True" condition-coverage="50% (1/2)">
              <conditions>
                <condition number="11" type="jump" coverage="50%" />
              </conditions>
            </line>
            <line number="167" hits="0" branch="False" />
            <line number="171" hits="16" branch="False" />
            <line number="174" hits="16" branch="False" />
            <line number="176" hits="16" branch="False" />
            <line number="177" hits="16" branch="False" />
            <line number="179" hits="16" branch="False" />
            <line number="180" hits="16" branch="False" />
            <line number="181" hits="16" branch="False" />
            <line number="183" hits="16" branch="False" />
            <line number="184" hits="16" branch="False" />
            <line number="192" hits="28" branch="True" condition-coverage="50% (1/2)">
              <conditions>
                <condition number="11" type="jump" coverage="50%" />
              </conditions>
            </line>
            <line number="194" hits="0" branch="False" />
            <line number="197" hits="28" branch="True" condition-coverage="50% (1/2)">
              <conditions>
                <condition number="35" type="jump" coverage="50%" />
              </conditions>
            </line>
            <line number="199" hits="0" branch="False" />
            <line number="200" hits="0" branch="False" />
            <line number="201" hits="0" branch="False" />
            <line number="202" hits="0" branch="False" />
            <line number="205" hits="28" branch="True" condition-coverage="50% (1/2)">
              <conditions>
                <condition number="110" type="jump" coverage="50%" />
              </conditions>
            </line>
            <line number="207" hits="0" branch="False" />
            <line number="208" hits="0" branch="False" />
            <line number="210" hits="28" branch="False" />
            <line number="217" hits="16" branch="False" />
            <line number="218" hits="16" branch="False" />
            <line number="219" hits="16" branch="False" />
            <line number="231" hits="0" branch="False" />
            <line number="233" hits="0" branch="False" />
            <line number="235" hits="0" branch="False" />
            <line number="236" hits="0" branch="False" />
            <line number="237" hits="0" branch="False" />
            <line number="238" hits="0" branch="False" />
            <line number="239" hits="0" branch="False" />
            <line number="240" hits="0" branch="False" />
            <line number="241" hits="0" branch="False" />
            <line number="242" hits="0" branch="False" />
            <line number="243" hits="0" branch="False" />
            <line number="244" hits="0" branch="False" />
            <line number="245" hits="0" branch="False" />
            <line number="246" hits="0" branch="False" />
            <line number="247" hits="0" branch="False" />
            <line number="248" hits="0" branch="False" />
            <line number="249" hits="0" branch="False" />
            <line number="250" hits="0" branch="False" />
            <line number="252" hits="0" branch="False" />
            <line number="253" hits="0" branch="False" />
            <line number="254" hits="0" branch="False" />
            <line number="255" hits="0" branch="False" />
            <line number="256" hits="0" branch="False" />
            <line number="260" hits="0" branch="False" />
            <line number="261" hits="0" branch="False" />
            <line number="262" hits="0" branch="False" />
            <line number="263" hits="0" branch="False" />
            <line number="264" hits="0" branch="False" />
            <line number="265" hits="0" branch="False" />
            <line number="267" hits="0" branch="False" />
            <line number="268" hits="0" branch="False" />
            <line number="270" hits="0" branch="False" />
            <line number="279" hits="16" branch="True" condition-coverage="50% (1/2)">
              <conditions>
                <condition number="5" type="jump" coverage="50%" />
              </conditions>
            </line>
            <line number="281" hits="16" branch="False" />
            <line number="282" hits="16" branch="False" />
            <line number="285" hits="0" branch="True" condition-coverage="0% (0/4)">
              <conditions>
                <condition number="21" type="jump" coverage="0%" />
                <condition number="28" type="jump" coverage="0%" />
              </conditions>
            </line>
            <line number="287" hits="0" branch="False" />
            <line number="289" hits="0" branch="False" />
            <line number="290" hits="0" branch="False" />
            <line number="292" hits="0" branch="False" />
            <line number="293" hits="0" branch="False" />
            <line number="294" hits="16" branch="False" />
            <line number="302" hits="16" branch="False" />
            <line number="304" hits="16" branch="False" />
            <line number="305" hits="16" branch="False" />
            <line number="306" hits="16" branch="False" />
            <line number="307" hits="16" branch="False" />
            <line number="309" hits="16" branch="False" />
            <line number="310" hits="16" branch="False" />
            <line number="311" hits="16" branch="False" />
            <line number="313" hits="16" branch="False" />
            <line number="314" hits="16" branch="False" />
            <line number="321" hits="0" branch="False" />
            <line number="324" hits="0" branch="False" />
            <line number="325" hits="0" branch="True" condition-coverage="0% (0/2)">
              <conditions>
                <condition number="37" type="jump" coverage="0%" />
              </conditions>
            </line>
            <line number="327" hits="0" branch="False" />
            <line number="328" hits="0" branch="False" />
            <line number="331" hits="0" branch="False" />
            <line number="332" hits="0" branch="False" />
            <line number="342" hits="2" branch="False" />
            <line number="343" hits="2" branch="False" />
            <line number="345" hits="2" branch="True" condition-coverage="75% (3/4)">
              <conditions>
                <condition number="19" type="jump" coverage="100%" />
                <condition number="32" type="jump" coverage="50%" />
              </conditions>
            </line>
            <line number="347" hits="0" branch="False" />
            <line number="348" hits="0" branch="False" />
            <line number="351" hits="2" branch="True" condition-coverage="50% (3/6)">
              <conditions>
                <condition number="60" type="jump" coverage="50%" />
                <condition number="70" type="jump" coverage="50%" />
                <condition number="83" type="jump" coverage="50%" />
              </conditions>
            </line>
            <line number="353" hits="0" branch="False" />
            <line number="354" hits="0" branch="False" />
            <line number="356" hits="2" branch="False" />
            <line number="365" hits="0" branch="False" />
            <line number="367" hits="0" branch="False" />
            <line number="368" hits="0" branch="False" />
            <line number="369" hits="0" branch="False" />
            <line number="371" hits="0" branch="False" />
            <line number="372" hits="0" branch="False" />
            <line number="373" hits="0" branch="False" />
            <line number="37" hits="16" branch="False" />
            <line number="39" hits="16" branch="False" />
            <line number="18" hits="16" branch="False" />
            <line number="47" hits="16" branch="False" />
            <line number="48" hits="16" branch="False" />
            <line number="49" hits="16" branch="False" />
            <line number="50" hits="16" branch="False" />
            <line number="52" hits="16" branch="False" />
            <line number="53" hits="16" branch="False" />
            <line number="54" hits="16" branch="False" />
            <line number="55" hits="16" branch="False" />
            <line number="56" hits="16" branch="False" />
            <line number="57" hits="16" branch="False" />
            <line number="58" hits="16" branch="False" />
            <line number="59" hits="16" branch="False" />
            <line number="60" hits="16" branch="False" />
            <line number="61" hits="16" branch="False" />
          </lines>
        </class>
        <class name="DevHub.Core.Services.RuntimePathOptions" filename="DevHub.Core\Services\RuntimePathOptions.cs" line-rate="0.5666" branch-rate="0.2777" complexity="26">
          <methods>
            <method name="get_RootPath" signature="()" line-rate="1" branch-rate="1" complexity="1">
              <lines>
                <line number="45" hits="16" branch="False" />
              </lines>
            </method>
            <method name="get_RuntimePath" signature="()" line-rate="1" branch-rate="1" complexity="1">
              <lines>
                <line number="50" hits="48" branch="False" />
              </lines>
            </method>
            <method name="get_DefinitionsPath" signature="()" line-rate="1" branch-rate="1" complexity="1">
              <lines>
                <line number="55" hits="32" branch="False" />
              </lines>
            </method>
            <method name="get_InstancesPath" signature="()" line-rate="1" branch-rate="1" complexity="1">
              <lines>
                <line number="60" hits="16" branch="False" />
              </lines>
            </method>
            <method name="get_LogsPath" signature="()" line-rate="1" branch-rate="1" complexity="1">
              <lines>
                <line number="65" hits="16" branch="False" />
              </lines>
            </method>
            <method name="get_TokenFilePath" signature="()" line-rate="1" branch-rate="1" complexity="1">
              <lines>
                <line number="70" hits="16" branch="False" />
              </lines>
            </method>
            <method name="get_HubJsonPath" signature="()" line-rate="1" branch-rate="1" complexity="1">
              <lines>
                <line number="75" hits="32" branch="False" />
              </lines>
            </method>
            <method name="Resolve" signature="(System.String)" line-rate="0" branch-rate="0" complexity="8">
              <lines>
                <line number="84" hits="0" branch="False" />
                <line number="85" hits="0" branch="False" />
                <line number="86" hits="0" branch="False" />
                <line number="88" hits="0" branch="False" />
                <line number="89" hits="0" branch="True" condition-coverage="0% (0/2)">
                  <conditions>
                    <condition number="35" type="jump" coverage="0%" />
                  </conditions>
                </line>
                <line number="90" hits="0" branch="False" />
                <line number="91" hits="0" branch="False" />
                <line number="94" hits="0" branch="True" condition-coverage="0% (0/2)">
                  <conditions>
                    <condition number="58" type="jump" coverage="0%" />
                  </conditions>
                </line>
                <line number="96" hits="0" branch="False" />
                <line number="100" hits="0" branch="False" />
                <line number="101" hits="0" branch="True" condition-coverage="0% (0/2)">
                  <conditions>
                    <condition number="83" type="jump" coverage="0%" />
                  </conditions>
                </line>
                <line number="102" hits="0" branch="False" />
                <line number="103" hits="0" branch="False" />
                <line number="106" hits="0" branch="False" />
                <line number="107" hits="0" branch="True" condition-coverage="0% (0/2)">
                  <conditions>
                    <condition number="125" type="jump" coverage="0%" />
                  </conditions>
                </line>
                <line number="108" hits="0" branch="False" />
                <line number="109" hits="0" branch="False" />
                <line number="111" hits="0" branch="False" />
                <line number="112" hits="0" branch="False" />
                <line number="113" hits="0" branch="False" />
                <line number="114" hits="0" branch="False" />
                <line number="115" hits="0" branch="False" />
                <line number="116" hits="0" branch="False" />
              </lines>
            </method>
            <method name="Create" signature="(System.String,System.String,System.String,System.String,System.String)" line-rate="0.8125" branch-rate="0.5" complexity="10">
              <lines>
                <line number="139" hits="16" branch="True" condition-coverage="50% (1/2)">
                  <conditions>
                    <condition number="6" type="jump" coverage="50%" />
                  </conditions>
                </line>
                <line number="141" hits="0" branch="False" />
                <line number="144" hits="16" branch="True" condition-coverage="50% (1/2)">
                  <conditions>
                    <condition number="30" type="jump" coverage="50%" />
                  </conditions>
                </line>
                <line number="146" hits="0" branch="False" />
                <line number="149" hits="16" branch="True" condition-coverage="50% (1/2)">
                  <conditions>
                    <condition number="54" type="jump" coverage="50%" />
                  </conditions>
                </line>
                <line number="151" hits="0" branch="False" />
                <line number="154" hits="16" branch="True" condition-coverage="50% (2/4)">
                  <conditions>
                    <condition number="81" type="jump" coverage="50%" />
                    <condition number="109" type="jump" coverage="50%" />
                  </conditions>
                </line>
                <line number="155" hits="16" branch="False" />
                <line number="156" hits="16" branch="False" />
                <line number="157" hits="16" branch="False" />
                <line number="158" hits="16" branch="False" />
                <line number="159" hits="16" branch="False" />
                <line number="160" hits="16" branch="False" />
                <line number="161" hits="16" branch="False" />
                <line number="162" hits="16" branch="False" />
                <line number="163" hits="16" branch="False" />
              </lines>
            </method>
            <method name=".ctor" signature="(System.String,System.String,System.String,System.String,System.String)" line-rate="1" branch-rate="1" complexity="1">
              <lines>
                <line number="26" hits="16" branch="False" />
                <line number="27" hits="16" branch="False" />
                <line number="28" hits="16" branch="False" />
                <line number="29" hits="16" branch="False" />
                <line number="30" hits="16" branch="False" />
                <line number="31" hits="16" branch="False" />
                <line number="33" hits="16" branch="False" />
                <line number="34" hits="16" branch="False" />
                <line number="35" hits="16" branch="False" />
                <line number="36" hits="16" branch="False" />
                <line number="37" hits="16" branch="False" />
                <line number="38" hits="16" branch="False" />
                <line number="39" hits="16" branch="False" />
                <line number="40" hits="16" branch="False" />
              </lines>
            </method>
          </methods>
          <lines>
            <line number="45" hits="16" branch="False" />
            <line number="50" hits="48" branch="False" />
            <line number="55" hits="32" branch="False" />
            <line number="60" hits="16" branch="False" />
            <line number="65" hits="16" branch="False" />
            <line number="70" hits="16" branch="False" />
            <line number="75" hits="32" branch="False" />
            <line number="84" hits="0" branch="False" />
            <line number="85" hits="0" branch="False" />
            <line number="86" hits="0" branch="False" />
            <line number="88" hits="0" branch="False" />
            <line number="89" hits="0" branch="True" condition-coverage="0% (0/2)">
              <conditions>
                <condition number="35" type="jump" coverage="0%" />
              </conditions>
            </line>
            <line number="90" hits="0" branch="False" />
            <line number="91" hits="0" branch="False" />
            <line number="94" hits="0" branch="True" condition-coverage="0% (0/2)">
              <conditions>
                <condition number="58" type="jump" coverage="0%" />
              </conditions>
            </line>
            <line number="96" hits="0" branch="False" />
            <line number="100" hits="0" branch="False" />
            <line number="101" hits="0" branch="True" condition-coverage="0% (0/2)">
              <conditions>
                <condition number="83" type="jump" coverage="0%" />
              </conditions>
            </line>
            <line number="102" hits="0" branch="False" />
            <line number="103" hits="0" branch="False" />
            <line number="106" hits="0" branch="False" />
            <line number="107" hits="0" branch="True" condition-coverage="0% (0/2)">
              <conditions>
                <condition number="125" type="jump" coverage="0%" />
              </conditions>
            </line>
            <line number="108" hits="0" branch="False" />
            <line number="109" hits="0" branch="False" />
            <line number="111" hits="0" branch="False" />
            <line number="112" hits="0" branch="False" />
            <line number="113" hits="0" branch="False" />
            <line number="114" hits="0" branch="False" />
            <line number="115" hits="0" branch="False" />
            <line number="116" hits="0" branch="False" />
            <line number="139" hits="16" branch="True" condition-coverage="50% (1/2)">
              <conditions>
                <condition number="6" type="jump" coverage="50%" />
              </conditions>
            </line>
            <line number="141" hits="0" branch="False" />
            <line number="144" hits="16" branch="True" condition-coverage="50% (1/2)">
              <conditions>
                <condition number="30" type="jump" coverage="50%" />
              </conditions>
            </line>
            <line number="146" hits="0" branch="False" />
            <line number="149" hits="16" branch="True" condition-coverage="50% (1/2)">
              <conditions>
                <condition number="54" type="jump" coverage="50%" />
              </conditions>
            </line>
            <line number="151" hits="0" branch="False" />
            <line number="154" hits="16" branch="True" condition-coverage="50% (2/4)">
              <conditions>
                <condition number="81" type="jump" coverage="50%" />
                <condition number="109" type="jump" coverage="50%" />
              </conditions>
            </line>
            <line number="155" hits="16" branch="False" />
            <line number="156" hits="16" branch="False" />
            <line number="157" hits="16" branch="False" />
            <line number="158" hits="16" branch="False" />
            <line number="159" hits="16" branch="False" />
            <line number="160" hits="16" branch="False" />
            <line number="161" hits="16" branch="False" />
            <line number="162" hits="16" branch="False" />
            <line number="163" hits="16" branch="False" />
            <line number="26" hits="16" branch="False" />
            <line number="27" hits="16" branch="False" />
            <line number="28" hits="16" branch="False" />
            <line number="29" hits="16" branch="False" />
            <line number="30" hits="16" branch="False" />
            <line number="31" hits="16" branch="False" />
            <line number="33" hits="16" branch="False" />
            <line number="34" hits="16" branch="False" />
            <line number="35" hits="16" branch="False" />
            <line number="36" hits="16" branch="False" />
            <line number="37" hits="16" branch="False" />
            <line number="38" hits="16" branch="False" />
            <line number="39" hits="16" branch="False" />
            <line number="40" hits="16" branch="False" />
          </lines>
        </class>
        <class name="DevHub.Core.Services.RuntimeTuningOptions" filename="DevHub.Core\Services\RuntimeTuningOptions.cs" line-rate="0.2564" branch-rate="0" complexity="15">
          <methods>
            <method name="get_Default" signature="()" line-rate="1" branch-rate="1" complexity="1">
              <lines>
                <line number="53" hits="65" branch="False" />
              </lines>
            </method>
            <method name="get_LeaseSeconds" signature="()" line-rate="0" branch-rate="1" complexity="1">
              <lines>
                <line number="61" hits="0" branch="False" />
              </lines>
            </method>
            <method name="get_OnlineThresholdSeconds" signature="()" line-rate="1" branch-rate="1" complexity="1">
              <lines>
                <line number="66" hits="16" branch="False" />
              </lines>
            </method>
            <method name="get_LaunchDedupeWindowSeconds" signature="()" line-rate="0" branch-rate="1" complexity="1">
              <lines>
                <line number="71" hits="0" branch="False" />
              </lines>
            </method>
            <method name="Resolve" signature="(Microsoft.Extensions.Logging.ILogger)" line-rate="0" branch-rate="1" complexity="1">
              <lines>
                <line number="80" hits="0" branch="False" />
                <line number="81" hits="0" branch="False" />
                <line number="82" hits="0" branch="False" />
                <line number="83" hits="0" branch="False" />
                <line number="84" hits="0" branch="False" />
[...]
            <line number="250" hits="8" branch="True" condition-coverage="50% (3/6)">
              <conditions>
                <condition number="319" type="jump" coverage="50%" />
                <condition number="329" type="jump" coverage="50%" />
                <condition number="343" type="jump" coverage="50%" />
              </conditions>
            </line>
            <line number="251" hits="8" branch="False" />
            <line number="252" hits="8" branch="False" />
            <line number="254" hits="0" branch="False" />
            <line number="257" hits="8" branch="True" condition-coverage="50% (3/6)">
              <conditions>
                <condition number="382" type="jump" coverage="50%" />
                <condition number="392" type="jump" coverage="50%" />
                <condition number="406" type="jump" coverage="50%" />
              </conditions>
            </line>
            <line number="258" hits="8" branch="False" />
            <line number="259" hits="8" branch="False" />
            <line number="261" hits="0" branch="False" />
            <line number="264" hits="8" branch="False" />
            <line number="265" hits="8" branch="False" />
            <line number="266" hits="8" branch="True" condition-coverage="50% (1/2)">
              <conditions>
                <condition number="473" type="jump" coverage="50%" />
              </conditions>
            </line>
            <line number="268" hits="0" branch="False" />
            <line number="273" hits="8" branch="False" />
            <line number="274" hits="8" branch="True" condition-coverage="50% (1/2)">
              <conditions>
                <condition number="516" type="jump" coverage="50%" />
              </conditions>
            </line>
            <line number="276" hits="0" branch="False" />
            <line number="277" hits="0" branch="False" />
            <line number="279" hits="8" branch="False" />
            <line number="280" hits="0" branch="False" />
            <line number="282" hits="0" branch="False" />
            <line number="283" hits="0" branch="False" />
            <line number="286" hits="8" branch="True" condition-coverage="50% (1/2)">
              <conditions>
                <condition number="609" type="jump" coverage="50%" />
              </conditions>
            </line>
            <line number="288" hits="0" branch="False" />
            <line number="289" hits="0" branch="False" />
            <line number="292" hits="8" branch="False" />
            <line number="293" hits="8" branch="False" />
            <line number="294" hits="8" branch="False" />
            <line number="296" hits="8" branch="False" />
            <line number="297" hits="8" branch="False" />
            <line number="298" hits="8" branch="False" />
            <line number="299" hits="8" branch="False" />
            <line number="300" hits="8" branch="False" />
            <line number="301" hits="8" branch="False" />
            <line number="302" hits="8" branch="False" />
            <line number="303" hits="8" branch="False" />
            <line number="304" hits="8" branch="False" />
            <line number="305" hits="0" branch="False" />
            <line number="316" hits="26" branch="False" />
            <line number="318" hits="26" branch="False" />
            <line number="319" hits="26" branch="True" condition-coverage="50% (3/6)">
              <conditions>
                <condition number="26" type="jump" coverage="50%" />
                <condition number="36" type="jump" coverage="50%" />
                <condition number="56" type="jump" coverage="50%" />
              </conditions>
            </line>
            <line number="320" hits="26" branch="False" />
            <line number="321" hits="26" branch="False" />
            <line number="323" hits="0" branch="True" condition-coverage="0% (0/2)">
              <conditions>
                <condition number="70" type="jump" coverage="0%" />
              </conditions>
            </line>
            <line number="324" hits="0" branch="False" />
            <line number="327" hits="26" branch="True" condition-coverage="50% (3/6)">
              <conditions>
                <condition number="99" type="jump" coverage="50%" />
                <condition number="109" type="jump" coverage="50%" />
                <condition number="123" type="jump" coverage="50%" />
              </conditions>
            </line>
            <line number="328" hits="26" branch="False" />
            <line number="329" hits="26" branch="False" />
            <line number="331" hits="0" branch="True" condition-coverage="0% (0/2)">
              <conditions>
                <condition number="137" type="jump" coverage="0%" />
              </conditions>
            </line>
            <line number="332" hits="0" branch="False" />
            <line number="335" hits="26" branch="True" condition-coverage="100% (2/2)">
              <conditions>
                <condition number="166" type="jump" coverage="100%" />
              </conditions>
            </line>
            <line number="337" hits="23" branch="True" condition-coverage="50% (1/2)">
              <conditions>
                <condition number="177" type="jump" coverage="50%" />
              </conditions>
            </line>
            <line number="339" hits="0" branch="False" />
            <line number="340" hits="0" branch="False" />
            <line number="344" hits="26" branch="False" />
            <line number="345" hits="26" branch="True" condition-coverage="100% (2/2)">
              <conditions>
                <condition number="217" type="jump" coverage="100%" />
              </conditions>
            </line>
            <line number="347" hits="26" branch="True" condition-coverage="50% (3/6)">
              <conditions>
                <condition number="231" type="jump" coverage="50%" />
                <condition number="236" type="jump" coverage="50%" />
                <condition number="241" type="jump" coverage="50%" />
              </conditions>
            </line>
            <line number="349" hits="0" branch="False" />
            <line number="350" hits="0" branch="False" />
            <line number="353" hits="26" branch="False" />
            <line number="356" hits="26" branch="False" />
            <line number="357" hits="26" branch="False" />
            <line number="358" hits="26" branch="False" />
            <line number="359" hits="26" branch="False" />
            <line number="360" hits="26" branch="False" />
            <line number="361" hits="26" branch="False" />
            <line number="363" hits="26" branch="False" />
            <line number="364" hits="26" branch="False" />
            <line number="374" hits="22" branch="True" condition-coverage="50% (1/2)">
              <conditions>
                <condition number="17" type="jump" coverage="50%" />
              </conditions>
            </line>
            <line number="376" hits="0" branch="False" />
            <line number="379" hits="22" branch="True" condition-coverage="50% (1/2)">
              <conditions>
                <condition number="34" type="jump" coverage="50%" />
              </conditions>
            </line>
            <line number="391" hits="4" branch="False" />
            <line number="393" hits="4" branch="True" condition-coverage="50% (1/2)">
              <conditions>
                <condition number="9" type="jump" coverage="50%" />
              </conditions>
            </line>
            <line number="395" hits="0" branch="False" />
            <line number="396" hits="0" branch="False" />
            <line number="399" hits="4" branch="True" condition-coverage="50% (1/2)">
              <conditions>
                <condition number="29" type="jump" coverage="50%" />
              </conditions>
            </line>
            <line number="401" hits="0" branch="False" />
            <line number="402" hits="0" branch="False" />
            <line number="405" hits="4" branch="True" condition-coverage="50% (1/2)">
              <conditions>
                <condition number="74" type="jump" coverage="50%" />
              </conditions>
            </line>
            <line number="407" hits="0" branch="False" />
            <line number="408" hits="0" branch="False" />
            <line number="411" hits="4" branch="True" condition-coverage="50% (1/2)">
              <conditions>
                <condition number="89" type="jump" coverage="50%" />
              </conditions>
            </line>
            <line number="413" hits="0" branch="False" />
            <line number="414" hits="0" branch="False" />
            <line number="417" hits="4" branch="True" condition-coverage="50% (2/4)">
              <conditions>
                <condition number="131" type="jump" coverage="50%" />
                <condition number="141" type="jump" coverage="50%" />
              </conditions>
            </line>
            <line number="419" hits="0" branch="False" />
            <line number="420" hits="0" branch="False" />
            <line number="423" hits="4" branch="True" condition-coverage="50% (1/2)">
              <conditions>
                <condition number="156" type="jump" coverage="50%" />
              </conditions>
            </line>
            <line number="425" hits="0" branch="False" />
            <line number="426" hits="0" branch="False" />
            <line number="429" hits="4" branch="False" />
            <line number="430" hits="14" branch="True" condition-coverage="100% (2/2)">
              <conditions>
                <condition number="354" type="jump" coverage="100%" />
              </conditions>
            </line>
            <line number="432" hits="3" branch="True" condition-coverage="50% (2/4)">
              <conditions>
                <condition number="235" type="jump" coverage="50%" />
                <condition number="249" type="jump" coverage="50%" />
              </conditions>
            </line>
            <line number="434" hits="0" branch="False" />
            <line number="435" hits="0" branch="False" />
            <line number="438" hits="3" branch="False" />
            <line number="439" hits="3" branch="True" condition-coverage="50% (1/2)">
              <conditions>
                <condition number="296" type="jump" coverage="50%" />
              </conditions>
            </line>
            <line number="441" hits="0" branch="False" />
            <line number="442" hits="0" branch="False" />
            <line number="445" hits="3" branch="False" />
            <line number="448" hits="4" branch="True" condition-coverage="100% (2/2)">
              <conditions>
                <condition number="382" type="jump" coverage="100%" />
              </conditions>
            </line>
            <line number="449" hits="4" branch="False" />
            <line number="450" hits="4" branch="False" />
            <line number="451" hits="0" branch="False" />
            <line number="462" hits="2" branch="False" />
            <line number="464" hits="2" branch="True" condition-coverage="50% (5/10)">
              <conditions>
                <condition number="20" type="jump" coverage="50%" />
                <condition number="37" type="jump" coverage="50%" />
                <condition number="53" type="jump" coverage="50%" />
                <condition number="63" type="jump" coverage="50%" />
                <condition number="77" type="jump" coverage="50%" />
              </conditions>
            </line>
            <line number="465" hits="2" branch="False" />
            <line number="466" hits="2" branch="False" />
            <line number="467" hits="2" branch="False" />
            <line number="468" hits="2" branch="False" />
            <line number="470" hits="0" branch="False" />
            <line number="471" hits="0" branch="False" />
            <line number="474" hits="2" branch="False" />
            <line number="475" hits="2" branch="False" />
            <line number="476" hits="2" branch="False" />
            <line number="486" hits="5" branch="True" condition-coverage="77.77% (28/36)">
              <conditions>
                <condition number="1" type="jump" coverage="100%" />
                <condition number="17" type="switch" coverage="60%" />
                <condition number="41" type="jump" coverage="50%" />
                <condition number="103" type="jump" coverage="50%" />
                <condition number="66" type="switch" coverage="40%" />
                <condition number="46" type="jump" coverage="50%" />
                <condition number="108" type="jump" coverage="100%" />
                <condition number="123" type="jump" coverage="100%" />
                <condition number="138" type="jump" coverage="100%" />
                <condition number="153" type="jump" coverage="100%" />
                <condition number="168" type="jump" coverage="100%" />
                <condition number="183" type="jump" coverage="100%" />
                <condition number="198" type="jump" coverage="100%" />
                <condition number="213" type="jump" coverage="100%" />
                <condition number="228" type="jump" coverage="100%" />
              </conditions>
            </line>
            <line number="487" hits="5" branch="False" />
            <line number="488" hits="5" branch="False" />
            <line number="489" hits="5" branch="False" />
            <line number="490" hits="5" branch="False" />
            <line number="491" hits="5" branch="False" />
            <line number="492" hits="5" branch="False" />
            <line number="493" hits="5" branch="False" />
            <line number="494" hits="5" branch="False" />
            <line number="504" hits="2" branch="True" condition-coverage="100% (6/6)">
              <conditions>
                <condition number="11" type="jump" coverage="100%" />
                <condition number="24" type="jump" coverage="100%" />
                <condition number="37" type="jump" coverage="100%" />
              </conditions>
            </line>
            <line number="505" hits="2" branch="False" />
            <line number="506" hits="2" branch="False" />
            <line number="507" hits="2" branch="False" />
            <line number="512" hits="8" branch="True" condition-coverage="50% (1/2)">
              <conditions>
                <condition number="8" type="jump" coverage="50%" />
              </conditions>
            </line>
            <line number="514" hits="8" branch="False" />
            <line number="517" hits="0" branch="True" condition-coverage="0% (0/2)">
              <conditions>
                <condition number="63" type="jump" coverage="0%" />
              </conditions>
            </line>
            <line number="519" hits="0" branch="True" condition-coverage="0% (0/2)">
              <conditions>
                <condition number="42" type="jump" coverage="0%" />
              </conditions>
            </line>
            <line number="521" hits="0" branch="False" />
            <line number="522" hits="0" branch="False" />
            <line number="526" hits="0" branch="False" />
            <line number="527" hits="0" branch="False" />
            <line number="528" hits="0" branch="False" />
            <line number="532" hits="2" branch="True" condition-coverage="50% (1/2)">
              <conditions>
                <condition number="6" type="jump" coverage="50%" />
              </conditions>
            </line>
            <line number="534" hits="0" branch="False" />
            <line number="537" hits="2" branch="False" />
            <line number="538" hits="2" branch="True" condition-coverage="50% (1/2)">
              <conditions>
                <condition number="21" type="jump" coverage="50%" />
              </conditions>
            </line>
            <line number="539" hits="2" branch="False" />
            <line number="540" hits="2" branch="False" />
            <line number="542" hits="2" branch="False" />
            <line number="547" hits="26" branch="False" />
            <line number="549" hits="26" branch="True" condition-coverage="100% (2/2)">
              <conditions>
                <condition number="17" type="jump" coverage="100%" />
              </conditions>
            </line>
            <line number="551" hits="3" branch="False" />
            <line number="554" hits="23" branch="False" />
            <line number="559" hits="46" branch="True" condition-coverage="16.66% (1/6)">
              <conditions>
                <condition number="11" type="switch" coverage="16.66%" />
              </conditions>
            </line>
            <line number="562" hits="46" branch="False" />
            <line number="563" hits="46" branch="False" />
            <line number="565" hits="0" branch="True" condition-coverage="0% (0/2)">
              <conditions>
                <condition number="58" type="jump" coverage="0%" />
              </conditions>
            </line>
            <line number="567" hits="0" branch="False" />
            <line number="568" hits="0" branch="False" />
            <line number="571" hits="0" branch="True" condition-coverage="0% (0/2)">
              <conditions>
                <condition number="79" type="jump" coverage="0%" />
              </conditions>
            </line>
            <line number="573" hits="0" branch="False" />
            <line number="574" hits="0" branch="False" />
            <line number="577" hits="0" branch="False" />
            <line number="578" hits="0" branch="False" />
            <line number="580" hits="0" branch="False" />
            <line number="581" hits="0" branch="False" />
            <line number="583" hits="0" branch="False" />
            <line number="584" hits="0" branch="False" />
          </lines>
        </class>
        <class name="DevHub.Host.Transport.HubEventNotificationFactory" filename="DevHub.Host\Transport\HubEventNotificationFactory.cs" line-rate="1" branch-rate="1" complexity="1">
          <methods>
            <method name="Create" signature="(DevHub.Core.Services.Events.HubEventDelivery)" line-rate="1" branch-rate="1" complexity="1">
              <lines>
                <line number="18" hits="2" branch="False" />
                <line number="19" hits="2" branch="False" />
                <line number="20" hits="2" branch="False" />
                <line number="21" hits="2" branch="False" />
                <line number="22" hits="2" branch="False" />
                <line number="23" hits="2" branch="False" />
                <line number="24" hits="2" branch="False" />
                <line number="25" hits="2" branch="False" />
                <line number="26" hits="2" branch="False" />
                <line number="27" hits="2" branch="False" />
                <line number="28" hits="2" branch="False" />
                <line number="29" hits="2" branch="False" />
              </lines>
            </method>
          </methods>
          <lines>
            <line number="18" hits="2" branch="False" />
            <line number="19" hits="2" branch="False" />
            <line number="20" hits="2" branch="False" />
            <line number="21" hits="2" branch="False" />
            <line number="22" hits="2" branch="False" />
            <line number="23" hits="2" branch="False" />
            <line number="24" hits="2" branch="False" />
            <line number="25" hits="2" branch="False" />
            <line number="26" hits="2" branch="False" />
            <line number="27" hits="2" branch="False" />
            <line number="28" hits="2" branch="False" />
            <line number="29" hits="2" branch="False" />
          </lines>
        </class>
      </classes>
    </package>
  </packages>
</coverage>